<?xml version="1.0" encoding="UTF-8"?>
<!-- Generated by org.testng.reporters.JUnitXMLReporter -->
<testsuite ignored="0" hostname="DESKTOP-SIKMI5O" failures="0" tests="3" name="Default test" time="0.07" errors="0" timestamp="2024-10-08T13:07:54 IST">
  <testcase classname="basic.TestNG2" name="CreateAccount2" time="0.013"/>
  <testcase classname="basic.TestNG2" name="DeleteAccount3" time="0.003"/>
  <testcase classname="basic.TestNG2" name="EditAccount2" time="0.001"/>
</testsuite> <!-- Default test -->
