<?xml version="1.0" encoding="UTF-8"?>
<!-- Generated by org.testng.reporters.JUnitXMLReporter -->
<testsuite ignored="0" hostname="DESKTOP-SIKMI5O" failures="0" tests="6" name="Test" time="0.084" errors="0" timestamp="2024-10-08T13:10:56 IST">
  <testcase classname="basic.TestNG" name="CreateAccount" time="0.01"/>
  <testcase classname="basic.TestNG" name="DeleteAccount" time="0.001"/>
  <testcase classname="basic.TestNG" name="EditAccount" time="0.003"/>
  <testcase classname="basic.TestNG2" name="CreateAccount2" time="0.001"/>
  <testcase classname="basic.TestNG2" name="DeleteAccount3" time="0.001"/>
  <testcase classname="basic.TestNG2" name="EditAccount2" time="0.002"/>
</testsuite> <!-- Test -->
