<?xml version="1.0" encoding="UTF-8"?>
<testng-results ignored="0" total="6" passed="6" failed="0" skipped="0">
  <reporter-output>
    <line>
      <![CDATA[Create Account]]>
    </line>
    <line>
      <![CDATA[Delete Account]]>
    </line>
    <line>
      <![CDATA[Edit Account]]>
    </line>
    <line>
      <![CDATA[Create Account2]]>
    </line>
    <line>
      <![CDATA[Delete Account2]]>
    </line>
    <line>
      <![CDATA[Edit Account2]]>
    </line>
  </reporter-output>
  <suite started-at="2024-10-08T13:10:56 IST" name="Suite" finished-at="2024-10-08T13:10:56 IST" duration-ms="84">
    <groups>
    </groups>
    <test started-at="2024-10-08T13:10:56 IST" name="Test" finished-at="2024-10-08T13:10:56 IST" duration-ms="84">
      <class name="basic.TestNG2">
        <test-method signature="CreateAccount2()[pri:0, instance:basic.TestNG2@478190fc]" started-at="2024-10-08T13:10:56 IST" name="CreateAccount2" finished-at="2024-10-08T13:10:56 IST" duration-ms="1" status="PASS">
          <reporter-output>
            <line>
              <![CDATA[Create Account2]]>
            </line>
          </reporter-output>
        </test-method> <!-- CreateAccount2 -->
        <test-method signature="DeleteAccount3()[pri:1, instance:basic.TestNG2@478190fc]" started-at="2024-10-08T13:10:56 IST" name="DeleteAccount3" finished-at="2024-10-08T13:10:56 IST" duration-ms="1" status="PASS">
          <reporter-output>
            <line>
              <![CDATA[Delete Account2]]>
            </line>
          </reporter-output>
        </test-method> <!-- DeleteAccount3 -->
        <test-method signature="EditAccount2()[pri:2, instance:basic.TestNG2@478190fc]" started-at="2024-10-08T13:10:56 IST" name="EditAccount2" finished-at="2024-10-08T13:10:56 IST" duration-ms="2" status="PASS">
          <reporter-output>
            <line>
              <![CDATA[Edit Account2]]>
            </line>
          </reporter-output>
        </test-method> <!-- EditAccount2 -->
      </class> <!-- basic.TestNG2 -->
      <class name="basic.TestNG">
        <test-method signature="CreateAccount()[pri:0, instance:basic.TestNG@6c64cb25]" started-at="2024-10-08T13:10:56 IST" name="CreateAccount" finished-at="2024-10-08T13:10:56 IST" duration-ms="10" status="PASS">
          <reporter-output>
            <line>
              <![CDATA[Create Account]]>
            </line>
          </reporter-output>
        </test-method> <!-- CreateAccount -->
        <test-method signature="DeleteAccount()[pri:0, instance:basic.TestNG@6c64cb25]" started-at="2024-10-08T13:10:56 IST" name="DeleteAccount" finished-at="2024-10-08T13:10:56 IST" duration-ms="1" status="PASS">
          <reporter-output>
            <line>
              <![CDATA[Delete Account]]>
            </line>
          </reporter-output>
        </test-method> <!-- DeleteAccount -->
        <test-method signature="EditAccount()[pri:0, instance:basic.TestNG@6c64cb25]" started-at="2024-10-08T13:10:56 IST" name="EditAccount" finished-at="2024-10-08T13:10:56 IST" duration-ms="3" status="PASS">
          <reporter-output>
            <line>
              <![CDATA[Edit Account]]>
            </line>
          </reporter-output>
        </test-method> <!-- EditAccount -->
      </class> <!-- basic.TestNG -->
    </test> <!-- Test -->
  </suite> <!-- Suite -->
</testng-results>
